#
# A fatal error has been detected by the Java Runtime Environment:
#
#  EXCEPTION_ACCESS_VIOLATION (0xc0000005) at pc=0x0000000054e29cc0, pid=17024, tid=0x0000000000004ac0
#
# JRE version: OpenJDK Runtime Environment (8.0_76-b03) (build 1.8.0_76-release-b03)
# Java VM: OpenJDK 64-Bit Server VM (25.76-b03 mixed mode windows-amd64 compressed oops)
# Problematic frame:
# V  [jvm.dll+0x89cc0]
#
# Failed to write core dump. Minidumps are not enabled by default on client versions of Windows
#
# If you would like to submit a bug report, please visit:
#   http://bugreport.java.com/bugreport/crash.jsp
#

---------------  T H R E A D  ---------------

Current thread (0x000000000263a000):  GCTaskThread [stack: 0x00000000122f0000,0x00000000123f0000] [id=19136]

siginfo: ExceptionCode=0xc0000005, reading address 0x000000079e2d9c48

Registers:
RAX=0x0000000000000000, RBX=0x00000000f3c5b358, RCX=0x00000000f3c5b358, RDX=0x000000079e2d9c40
RSP=0x00000000123ef9b8, RBP=0x0000000011c83e81, RSI=0x000000000270b3c0, RDI=0x00000000b47d0008
R8 =0x000000000270b3c0, R9 =0x0000000000000007, R10=0x000000000000000c, R11=0x000000000000000c
R12=0x0000000011c83e01, R13=0x0000000220002210, R14=0x0000000000000000, R15=0x000000000262d450
RIP=0x0000000054e29cc0, EFLAGS=0x0000000000010202

Top of Stack: (sp=0x00000000123ef9b8)
0x00000000123ef9b8:   0000000055167792 00000000e27a8b08
0x00000000123ef9c8:   0000000000000003 000000000270b3c0
0x00000000123ef9d8:   0000000055559d00 00000000ec33c310
0x00000000123ef9e8:   0000000000001000 00000000b58d0250
0x00000000123ef9f8:   0000000000000400 0000000000000000
0x00000000123efa08:   000000000270b300 0000000011c83e01
0x00000000123efa18:   0000000055167b00 00000000b47cc254
0x00000000123efa28:   0000000011c83e81 000000000270b3c0
0x00000000123efa38:   00000000b47d0008 00000000b47cc254
0x00000000123efa48:   00000000551686a5 00000000e07ba148
0x00000000123efa58:   0000000011c73c81 000000000270b3c0
0x00000000123efa68:   0000000055166f0b 0000000000000b8b
0x00000000123efa78:   0000000002560000 0000000000000000
0x00000000123efa88:   0000000054e8e3c7 000000000270b3c0
0x00000000123efa98:   0000000054e8c5d3 00000000b0942bfd
0x00000000123efaa8:   00000000b0942bfd 00000000b47cc254 

Instructions: (pc=0x0000000054e29cc0)
0x0000000054e29ca0:   ac 3a 1d 00 48 8b 9c 24 c0 00 00 00 48 81 c4 b0
0x0000000054e29cb0:   00 00 00 5d c3 cc cc cc cc cc cc cc cc cc cc cc
0x0000000054e29cc0:   44 8b 42 08 4c 8b ca 45 85 c0 7e 0e 41 f6 c0 01
0x0000000054e29cd0:   75 57 41 c1 f8 03 41 8b c0 c3 79 4d 80 3d be 5f 


Register to memory mapping:

RAX=0x0000000000000000 is an unknown value
RBX=0x00000000f3c5b358 is an oop

[error occurred during error reporting (printing register info), id 0xc0000005]

Stack: [0x00000000122f0000,0x00000000123f0000],  sp=0x00000000123ef9b8,  free space=1022k
Native frames: (J=compiled Java code, j=interpreted, Vv=VM code, C=native code)
V  [jvm.dll+0x89cc0]


---------------  P R O C E S S  ---------------

Java Threads: ( => current thread )
  0x000000001fb60800 JavaThread "pool-61-thread-4" [_thread_blocked, id=17928, stack(0x0000000028770000,0x0000000028870000)]
  0x000000001fb5c800 JavaThread "pool-61-thread-3" [_thread_blocked, id=12760, stack(0x0000000028670000,0x0000000028770000)]
  0x000000001fb57800 JavaThread "pool-61-thread-2" [_thread_blocked, id=17736, stack(0x0000000028570000,0x0000000028670000)]
  0x000000001fb54800 JavaThread "pool-62-thread-1" [_thread_blocked, id=17068, stack(0x0000000028470000,0x0000000028570000)]
  0x000000001fb5b000 JavaThread "pool-61-thread-1" [_thread_blocked, id=19180, stack(0x0000000028370000,0x0000000028470000)]
  0x000000001fb53000 JavaThread "pool-52-thread-4" [_thread_blocked, id=4460, stack(0x0000000027c80000,0x0000000027d80000)]
  0x000000001fb59000 JavaThread "pool-52-thread-3" [_thread_blocked, id=16644, stack(0x0000000027b80000,0x0000000027c80000)]
  0x000000001fb56000 JavaThread "pool-52-thread-2" [_thread_blocked, id=15488, stack(0x0000000027a80000,0x0000000027b80000)]
  0x000000001fb58000 JavaThread "pool-53-thread-1" [_thread_blocked, id=16252, stack(0x0000000027870000,0x0000000027970000)]
  0x000000001fb55000 JavaThread "pool-52-thread-1" [_thread_blocked, id=18252, stack(0x0000000027770000,0x0000000027870000)]
  0x000000001fb5e000 JavaThread "pool-34-thread-4" [_thread_blocked, id=15936, stack(0x0000000028270000,0x0000000028370000)]
  0x000000001fb53800 JavaThread "pool-34-thread-3" [_thread_blocked, id=15844, stack(0x0000000028170000,0x0000000028270000)]
  0x000000001fb5a800 JavaThread "pool-34-thread-2" [_thread_blocked, id=17404, stack(0x0000000028070000,0x0000000028170000)]
  0x000000001fb59800 JavaThread "pool-35-thread-1" [_thread_blocked, id=11088, stack(0x0000000027f70000,0x0000000028070000)]
  0x000000001fb52000 JavaThread "pool-34-thread-1" [_thread_blocked, id=18776, stack(0x0000000027e70000,0x0000000027f70000)]
  0x000000001eecd800 JavaThread "pool-14-thread-4" [_thread_blocked, id=3864, stack(0x0000000027470000,0x0000000027570000)]
  0x000000001eecc800 JavaThread "pool-14-thread-2" [_thread_blocked, id=17044, stack(0x0000000027370000,0x0000000027470000)]
  0x000000001eecc000 JavaThread "pool-14-thread-3" [_thread_blocked, id=17880, stack(0x0000000027270000,0x0000000027370000)]
  0x000000001eec8000 JavaThread "pool-14-thread-1" [_thread_blocked, id=13732, stack(0x0000000027170000,0x0000000027270000)]
  0x000000001eec9800 JavaThread "stdout" daemon [_thread_in_native, id=15824, stack(0x0000000026a70000,0x0000000026b70000)]
  0x000000001eec9000 JavaThread "stderr" daemon [_thread_in_native, id=16548, stack(0x0000000026970000,0x0000000026a70000)]
  0x000000001eeca800 JavaThread "stdout" daemon [_thread_in_native, id=15516, stack(0x0000000026870000,0x0000000026970000)]
  0x000000001c3b9000 JavaThread "stderr" daemon [_thread_in_native, id=19368, stack(0x0000000026770000,0x0000000026870000)]
  0x000000001c3b8800 JavaThread "stdout" daemon [_thread_in_native, id=16056, stack(0x0000000026670000,0x0000000026770000)]
  0x000000001c3ba000 JavaThread "stderr" daemon [_thread_in_native, id=11892, stack(0x0000000026570000,0x0000000026670000)]
  0x000000001c3b1000 JavaThread "stdout" daemon [_thread_in_native, id=17992, stack(0x0000000026470000,0x0000000026570000)]
  0x000000001c3b7800 JavaThread "stderr" daemon [_thread_in_native, id=18184, stack(0x0000000026370000,0x0000000026470000)]
  0x000000001c3b0000 JavaThread "stdout" daemon [_thread_in_native, id=120, stack(0x0000000026270000,0x0000000026370000)]
  0x000000001c3b1800 JavaThread "stderr" daemon [_thread_in_native, id=16560, stack(0x0000000026170000,0x0000000026270000)]
  0x000000001c3b7000 JavaThread "png-cruncher_20" daemon [_thread_blocked, id=16864, stack(0x0000000026070000,0x0000000026170000)]
  0x000000001c3b6000 JavaThread "png-cruncher_19" daemon [_thread_blocked, id=18996, stack(0x0000000025f70000,0x0000000026070000)]
  0x000000001c3ae800 JavaThread "png-cruncher_18" daemon [_thread_blocked, id=16980, stack(0x0000000025e70000,0x0000000025f70000)]
  0x000000001c3b5800 JavaThread "png-cruncher_17" daemon [_thread_blocked, id=15248, stack(0x0000000025d70000,0x0000000025e70000)]
  0x000000001c3b4800 JavaThread "png-cruncher_16" daemon [_thread_blocked, id=1036, stack(0x0000000025c70000,0x0000000025d70000)]
  0x000000001c3b2800 JavaThread "stdout" daemon [_thread_in_native, id=10384, stack(0x0000000025b70000,0x0000000025c70000)]
  0x000000001c3b3000 JavaThread "stderr" daemon [_thread_in_native, id=18876, stack(0x0000000025a70000,0x0000000025b70000)]
  0x000000001c3ae000 JavaThread "stdout" daemon [_thread_in_native, id=15376, stack(0x0000000025970000,0x0000000025a70000)]
  0x000000001c3af800 JavaThread "stderr" daemon [_thread_in_native, id=16968, stack(0x0000000025870000,0x0000000025970000)]
  0x000000001c3b4000 JavaThread "stdout" daemon [_thread_in_native, id=17004, stack(0x0000000025770000,0x0000000025870000)]
  0x000000001c3ad000 JavaThread "stderr" daemon [_thread_in_native, id=14836, stack(0x0000000025670000,0x0000000025770000)]
  0x000000001c3ac800 JavaThread "stdout" daemon [_thread_in_native, id=18860, stack(0x0000000025570000,0x0000000025670000)]
  0x000000001c3ab800 JavaThread "stderr" daemon [_thread_in_native, id=17812, stack(0x0000000025470000,0x0000000025570000)]
  0x000000001c3ab000 JavaThread "stdout" daemon [_thread_in_native, id=18140, stack(0x0000000025370000,0x0000000025470000)]
  0x000000001c401800 JavaThread "stderr" daemon [_thread_in_native, id=2812, stack(0x0000000025270000,0x0000000025370000)]
  0x000000001c400800 JavaThread "stdout" daemon [_thread_in_native, id=16124, stack(0x0000000025170000,0x0000000025270000)]
  0x000000001c400000 JavaThread "stderr" daemon [_thread_in_native, id=2864, stack(0x0000000025070000,0x0000000025170000)]
  0x000000001c3ff000 JavaThread "stdout" daemon [_thread_in_native, id=13344, stack(0x0000000024f70000,0x0000000025070000)]
  0x000000001c3fe800 JavaThread "stderr" daemon [_thread_in_native, id=16028, stack(0x0000000024e70000,0x0000000024f70000)]
  0x000000001c3fd800 JavaThread "stdout" daemon [_thread_in_native, id=17888, stack(0x0000000024d70000,0x0000000024e70000)]
  0x000000001c3fd000 JavaThread "stderr" daemon [_thread_in_native, id=12976, stack(0x0000000024c70000,0x0000000024d70000)]
  0x000000001c3fc000 JavaThread "stdout" daemon [_thread_in_native, id=19032, stack(0x0000000024b70000,0x0000000024c70000)]
  0x000000001c3fa000 JavaThread "stderr" daemon [_thread_in_native, id=18296, stack(0x0000000024a70000,0x0000000024b70000)]
  0x000000001c3f7800 JavaThread "stdout" daemon [_thread_in_native, id=18644, stack(0x0000000024970000,0x0000000024a70000)]
  0x000000001c3f7000 JavaThread "stderr" daemon [_thread_in_native, id=19340, stack(0x0000000024870000,0x0000000024970000)]
  0x000000001c3fa800 JavaThread "png-cruncher_15" daemon [_thread_blocked, id=8688, stack(0x0000000024670000,0x0000000024770000)]
  0x000000001c3fb800 JavaThread "png-cruncher_14" daemon [_thread_blocked, id=13672, stack(0x0000000024570000,0x0000000024670000)]
  0x000000001c3f4000 JavaThread "png-cruncher_13" daemon [_thread_blocked, id=15588, stack(0x0000000024470000,0x0000000024570000)]
  0x000000001c3f9000 JavaThread "png-cruncher_12" daemon [_thread_blocked, id=16988, stack(0x0000000024370000,0x0000000024470000)]
  0x000000001c3f3000 JavaThread "png-cruncher_11" daemon [_thread_blocked, id=18752, stack(0x0000000024270000,0x0000000024370000)]
  0x000000001c3f6000 JavaThread "stdout" daemon [_thread_in_native, id=17212, stack(0x0000000024170000,0x0000000024270000)]
  0x000000001c3f5800 JavaThread "stderr" daemon [_thread_in_native, id=6824, stack(0x0000000024070000,0x0000000024170000)]
  0x000000001c3f2800 JavaThread "stdout" daemon [_thread_in_native, id=17472, stack(0x0000000023f70000,0x0000000024070000)]
  0x000000001c3f8800 JavaThread "stderr" daemon [_thread_in_native, id=16916, stack(0x0000000023e70000,0x0000000023f70000)]
  0x000000001c3f4800 JavaThread "stdout" daemon [_thread_in_native, id=8288, stack(0x0000000023d70000,0x0000000023e70000)]
  0x000000001b5aa000 JavaThread "stderr" daemon [_thread_in_native, id=14828, stack(0x0000000023c70000,0x0000000023d70000)]
  0x000000001b5a7800 JavaThread "png-cruncher_10" daemon [_thread_blocked, id=18516, stack(0x0000000023b70000,0x0000000023c70000)]
  0x000000001b5a8800 JavaThread "png-cruncher_9" daemon [_thread_blocked, id=17772, stack(0x0000000023a70000,0x0000000023b70000)]
  0x000000001b5ae800 JavaThread "png-cruncher_8" daemon [_thread_blocked, id=11452, stack(0x0000000023970000,0x0000000023a70000)]
  0x000000001b5ad800 JavaThread "png-cruncher_7" daemon [_thread_blocked, id=5708, stack(0x0000000023870000,0x0000000023970000)]
  0x000000001b5ac000 JavaThread "png-cruncher_6" daemon [_thread_blocked, id=3800, stack(0x0000000023770000,0x0000000023870000)]
  0x000000001c47e000 JavaThread "stdout" daemon [_thread_in_native, id=16908, stack(0x0000000023670000,0x0000000023770000)]
  0x000000001c47e800 JavaThread "stdout" daemon [_thread_in_native, id=16488, stack(0x0000000023570000,0x0000000023670000)]
  0x000000001c47c800 JavaThread "stderr" daemon [_thread_in_native, id=1556, stack(0x0000000023470000,0x0000000023570000)]
  0x000000001c479800 JavaThread "stderr" daemon [_thread_in_native, id=14152, stack(0x0000000023370000,0x0000000023470000)]
  0x000000001c47b800 JavaThread "png-cruncher_5" daemon [_thread_blocked, id=17572, stack(0x0000000023270000,0x0000000023370000)]
  0x000000001c478800 JavaThread "png-cruncher_4" daemon [_thread_blocked, id=17832, stack(0x0000000023170000,0x0000000023270000)]
  0x000000001c47f800 JavaThread "png-cruncher_3" daemon [_thread_blocked, id=15804, stack(0x0000000023070000,0x0000000023170000)]
  0x000000001c47d000 JavaThread "png-cruncher_2" daemon [_thread_blocked, id=14792, stack(0x0000000022f70000,0x0000000023070000)]
  0x000000001c47b000 JavaThread "png-cruncher_1" daemon [_thread_blocked, id=7624, stack(0x0000000021030000,0x0000000021130000)]
  0x000000001c47a000 JavaThread "pool-8-thread-4" [_thread_blocked, id=18168, stack(0x000000001ea60000,0x000000001eb60000)]
  0x000000001c471000 JavaThread "pool-8-thread-3" [_thread_blocked, id=4800, stack(0x000000001e0b0000,0x000000001e1b0000)]
  0x000000001c478000 JavaThread "pool-8-thread-2" [_thread_blocked, id=18216, stack(0x000000001bdc0000,0x000000001bec0000)]
  0x000000001c472800 JavaThread "pool-8-thread-1" [_thread_blocked, id=17092, stack(0x000000001a7f0000,0x000000001a8f0000)]
  0x000000001c470800 JavaThread "Asynchronous log dispatcher for org.gradle.launcher.daemon.server.DefaultDaemonConnection@404f88b4" [_thread_blocked, id=17348, stack(0x000000001a6f0000,0x000000001a7f0000)]
  0x000000001c476800 JavaThread "Daemon worker Thread 4" [_thread_blocked, id=15892, stack(0x000000001a3f0000,0x000000001a4f0000)]
  0x000000001c474000 JavaThread "Cancel handler" [_thread_blocked, id=13356, stack(0x000000001a2f0000,0x000000001a3f0000)]
  0x000000001c475800 JavaThread "Handler for socket connection from /127.0.0.1:56716 to /127.0.0.1:55644" [_thread_in_native, id=13580, stack(0x000000001a1f0000,0x000000001a2f0000)]
  0x000000001c472000 JavaThread "Daemon Thread 4" [_thread_blocked, id=19148, stack(0x0000000000be0000,0x0000000000ce0000)]
  0x0000000018d3f800 JavaThread "File lock request listener" [_thread_in_native, id=11800, stack(0x000000001acf0000,0x000000001adf0000)]
  0x0000000018d84000 JavaThread "pool-1-thread-1" [_thread_blocked, id=10928, stack(0x0000000019ff0000,0x000000001a0f0000)]
  0x0000000019036800 JavaThread "Incoming local TCP Connector on port 56716" [_thread_in_native, id=18964, stack(0x0000000019bf0000,0x0000000019cf0000)]
  0x0000000017b01000 JavaThread "Service Thread" daemon [_thread_blocked, id=19108, stack(0x0000000017ee0000,0x0000000017fe0000)]
  0x00000000161c6000 JavaThread "C1 CompilerThread2" daemon [_thread_blocked, id=18732, stack(0x00000000179e0000,0x0000000017ae0000)]
  0x000000001618e000 JavaThread "C2 CompilerThread1" daemon [_thread_blocked, id=18212, stack(0x00000000178e0000,0x00000000179e0000)]
  0x0000000016188000 JavaThread "C2 CompilerThread0" daemon [_thread_blocked, id=17840, stack(0x00000000177e0000,0x00000000178e0000)]
  0x000000001619a000 JavaThread "Attach Listener" daemon [_thread_blocked, id=3844, stack(0x00000000176e0000,0x00000000177e0000)]
  0x0000000016198800 JavaThread "Signal Dispatcher" daemon [_thread_blocked, id=19072, stack(0x00000000175e0000,0x00000000176e0000)]
  0x0000000016178800 JavaThread "Finalizer" daemon [_thread_blocked, id=17560, stack(0x00000000173e0000,0x00000000174e0000)]
  0x0000000002710800 JavaThread "Reference Handler" daemon [_thread_blocked, id=15760, stack(0x00000000172e0000,0x00000000173e0000)]
  0x0000000002622800 JavaThread "main" [_thread_blocked, id=18712, stack(0x0000000002460000,0x0000000002560000)]

Other Threads:
  0x0000000016154800 VMThread [stack: 0x00000000171e0000,0x00000000172e0000] [id=16148]
  0x00000000161ed800 WatcherThread [stack: 0x0000000017fe0000,0x00000000180e0000] [id=15496]

=>0x000000000263a000 (exited) GCTaskThread [stack: 0x00000000122f0000,0x00000000123f0000] [id=19136]

VM state:at safepoint (normal execution)

VM Mutex/Monitor currently owned by a thread:  ([mutex/lock_event])
[0x000000000281cdb0] Threads_lock - owner thread: 0x0000000016154800
[0x000000000281c3b0] Heap_lock - owner thread: 0x000000001fb5b000

Heap:
 PSYoungGen      total 305152K, used 196536K [0x00000000e0000000, 0x0000000100000000, 0x0000000100000000)
  eden space 187392K, 100% used [0x00000000e0000000,0x00000000eb700000,0x00000000eb700000)
  from space 117760K, 7% used [0x00000000f8d00000,0x00000000f95ee1b0,0x0000000100000000)
  to   space 168448K, 30% used [0x00000000eb700000,0x00000000ee9ed720,0x00000000f5b80000)
 ParOldGen       total 563200K, used 356152K [0x00000000a0000000, 0x00000000c2600000, 0x00000000e0000000)
  object space 563200K, 63% used [0x00000000a0000000,0x00000000b5bce1b0,0x00000000c2600000)
 Metaspace       used 77696K, capacity 81012K, committed 81200K, reserved 1120256K
  class space    used 9846K, capacity 10518K, committed 10544K, reserved 1048576K

Card table byte_map: [0x0000000011be0000,0x0000000011ef0000] byte_map_base: 0x00000000116e0000

Marking Bits: (ParMarkBitMap*) 0x0000000055559d00
 Begin Bits: [0x00000000124f0000, 0x0000000013cf0000)
 End Bits:   [0x0000000013cf0000, 0x00000000154f0000)

Polling page: 0x0000000000d00000

CodeCache: size=245760Kb used=55878Kb max_used=55889Kb free=189882Kb
 bounds [0x0000000002820000, 0x0000000005f00000, 0x0000000011820000]
 total_blobs=16006 nmethods=15202 adapters=715
 compilation: enabled

Compilation events (10 events):
Event: 4173.118 Thread 0x00000000161c6000 19789   !   3       java.util.EnumSet::clone (18 bytes)
Event: 4173.119 Thread 0x00000000161c6000 nmethod 19789 0x00000000056d9d10 code [0x00000000056d9ea0, 0x00000000056da1f8]
Event: 4173.121 Thread 0x00000000161c6000 19790       3       com.android.dx.rop.code.RegisterSpec::make (21 bytes)
Event: 4173.121 Thread 0x00000000161c6000 nmethod 19790 0x0000000005a85b50 code [0x0000000005a85cc0, 0x0000000005a85f18]
Event: 4173.143 Thread 0x0000000016188000 19791   !   4       java.util.concurrent.ThreadPoolExecutor::getTask (179 bytes)
Event: 4173.177 Thread 0x0000000016188000 nmethod 19791 0x0000000005c3ca50 code [0x0000000005c3ccc0, 0x0000000005c3dbe8]
Event: 4173.202 Thread 0x0000000016188000 19792       4       com.android.dx.rop.annotation.Annotations::add (75 bytes)
Event: 4173.212 Thread 0x0000000016188000 nmethod 19792 0x0000000005b80b10 code [0x0000000005b80ca0, 0x0000000005b81348]
Event: 4173.216 Thread 0x00000000161c6000 19793       3       com.android.dx.ssa.ConstCollector$1::compare (13 bytes)
Event: 4173.216 Thread 0x00000000161c6000 nmethod 19793 0x00000000058b3d90 code [0x00000000058b3f00, 0x00000000058b4268]

GC Heap History (10 events):
Event: 4166.433 GC heap after
Heap after GC invocations=44 (full 8):
 PSYoungGen      total 441856K, used 0K [0x00000000e0000000, 0x0000000100000000, 0x0000000100000000)
  eden space 382464K, 0% used [0x00000000e0000000,0x00000000e0000000,0x00000000f7580000)
  from space 59392K, 0% used [0x00000000f7580000,0x00000000f7580000,0x00000000faf80000)
  to   space 77312K, 0% used [0x00000000fb480000,0x00000000fb480000,0x0000000100000000)
 ParOldGen       total 353280K, used 196019K [0x00000000a0000000, 0x00000000b5900000, 0x00000000e0000000)
  object space 353280K, 55% used [0x00000000a0000000,0x00000000abf6cc40,0x00000000b5900000)
 Metaspace       used 77672K, capacity 81012K, committed 81200K, reserved 1120256K
  class space    used 9846K, capacity 10518K, committed 10544K, reserved 1048576K
}
Event: 4167.869 GC heap before
{Heap before GC invocations=45 (full 8):
 PSYoungGen      total 441856K, used 382464K [0x00000000e0000000, 0x0000000100000000, 0x0000000100000000)
  eden space 382464K, 100% used [0x00000000e0000000,0x00000000f7580000,0x00000000f7580000)
  from space 59392K, 0% used [0x00000000f7580000,0x00000000f7580000,0x00000000faf80000)
  to   space 77312K, 0% used [0x00000000fb480000,0x00000000fb480000,0x0000000100000000)
 ParOldGen       total 353280K, used 196019K [0x00000000a0000000, 0x00000000b5900000, 0x00000000e0000000)
  object space 353280K, 55% used [0x00000000a0000000,0x00000000abf6cc40,0x00000000b5900000)
 Metaspace       used 77677K, capacity 81012K, committed 81200K, reserved 1120256K
  class space    used 9846K, capacity 10518K, committed 10544K, reserved 1048576K
Event: 4168.040 GC heap after
Heap after GC invocations=45 (full 8):
 PSYoungGen      total 366080K, used 77300K [0x00000000e0000000, 0x0000000100000000, 0x0000000100000000)
  eden space 288768K, 0% used [0x00000000e0000000,0x00000000e0000000,0x00000000f1a00000)
  from space 77312K, 99% used [0x00000000fb480000,0x00000000ffffd2b0,0x0000000100000000)
  to   space 117760K, 0% used [0x00000000f1a00000,0x00000000f1a00000,0x00000000f8d00000)
 ParOldGen       total 353280K, used 271310K [0x00000000a0000000, 0x00000000b5900000, 0x00000000e0000000)
  object space 353280K, 76% used [0x00000000a0000000,0x00000000b08f3910,0x00000000b5900000)
 Metaspace       used 77677K, capacity 81012K, committed 81200K, reserved 1120256K
  class space    used 9846K, capacity 10518K, committed 10544K, reserved 1048576K
}
Event: 4168.809 GC heap before
{Heap before GC invocations=46 (full 8):
 PSYoungGen      total 366080K, used 366068K [0x00000000e0000000, 0x0000000100000000, 0x0000000100000000)
  eden space 288768K, 100% used [0x00000000e0000000,0x00000000f1a00000,0x00000000f1a00000)
  from space 77312K, 99% used [0x00000000fb480000,0x00000000ffffd2b0,0x0000000100000000)
  to   space 117760K, 0% used [0x00000000f1a00000,0x00000000f1a00000,0x00000000f8d00000)
 ParOldGen       total 353280K, used 271310K [0x00000000a0000000, 0x00000000b5900000, 0x00000000e0000000)
  object space 353280K, 76% used [0x00000000a0000000,0x00000000b08f3910,0x00000000b5900000)
 Metaspace       used 77691K, capacity 81012K, committed 81200K, reserved 1120256K
  class space    used 9846K, capacity 10518K, committed 10544K, reserved 1048576K
Event: 4169.027 GC heap after
Heap after GC invocations=46 (full 8):
 PSYoungGen      total 406528K, used 117737K [0x00000000e0000000, 0x0000000100000000, 0x0000000100000000)
  eden space 288768K, 0% used [0x00000000e0000000,0x00000000e0000000,0x00000000f1a00000)
  from space 117760K, 99% used [0x00000000f1a00000,0x00000000f8cfa428,0x00000000f8d00000)
  to   space 117760K, 0% used [0x00000000f8d00000,0x00000000f8d00000,0x0000000100000000)
 ParOldGen       total 353280K, used 290256K [0x00000000a0000000, 0x00000000b5900000, 0x00000000e0000000)
  object space 353280K, 82% used [0x00000000a0000000,0x00000000b1b74188,0x00000000b5900000)
 Metaspace       used 77691K, capacity 81012K, committed 81200K, reserved 1120256K
  class space    used 9846K, capacity 10518K, committed 10544K, reserved 1048576K
}
Event: 4170.081 GC heap before
{Heap before GC invocations=47 (full 8):
 PSYoungGen      total 406528K, used 406505K [0x00000000e0000000, 0x0000000100000000, 0x0000000100000000)
  eden space 288768K, 100% used [0x00000000e0000000,0x00000000f1a00000,0x00000000f1a00000)
  from space 117760K, 99% used [0x00000000f1a00000,0x00000000f8cfa428,0x00000000f8d00000)
  to   space 117760K, 0% used [0x00000000f8d00000,0x00000000f8d00000,0x0000000100000000)
 ParOldGen       total 353280K, used 290256K [0x00000000a0000000, 0x00000000b5900000, 0x00000000e0000000)
  object space 353280K, 82% used [0x00000000a0000000,0x00000000b1b74188,0x00000000b5900000)
 Metaspace       used 77694K, capacity 81012K, committed 81200K, reserved 1120256K
  class space    used 9846K, capacity 10518K, committed 10544K, reserved 1048576K
Event: 4170.327 GC heap after
Heap after GC invocations=47 (full 8):
 PSYoungGen      total 305152K, used 117750K [0x00000000e0000000, 0x0000000100000000, 0x0000000100000000)
  eden space 187392K, 0% used [0x00000000e0000000,0x00000000e0000000,0x00000000eb700000)
  from space 117760K, 99% used [0x00000000f8d00000,0x00000000ffffd8f0,0x0000000100000000)
  to   space 168448K, 0% used [0x00000000eb700000,0x00000000eb700000,0x00000000f5b80000)
 ParOldGen       total 353280K, used 313932K [0x00000000a0000000, 0x00000000b5900000, 0x00000000e0000000)
  object space 353280K, 88% used [0x00000000a0000000,0x00000000b32931e0,0x00000000b5900000)
 Metaspace       used 77694K, capacity 81012K, committed 81200K, reserved 1120256K
  class space    used 9846K, capacity 10518K, committed 10544K, reserved 1048576K
}
Event: 4170.327 GC heap before
{Heap before GC invocations=48 (full 9):
 PSYoungGen      total 305152K, used 117750K [0x00000000e0000000, 0x0000000100000000, 0x0000000100000000)
  eden space 187392K, 0% used [0x00000000e0000000,0x00000000e0000000,0x00000000eb700000)
  from space 117760K, 99% used [0x00000000f8d00000,0x00000000ffffd8f0,0x0000000100000000)
  to   space 168448K, 0% used [0x00000000eb700000,0x00000000eb700000,0x00000000f5b80000)
 ParOldGen       total 353280K, used 313932K [0x00000000a0000000, 0x00000000b5900000, 0x00000000e0000000)
  object space 353280K, 88% used [0x00000000a0000000,0x00000000b32931e0,0x00000000b5900000)
 Metaspace       used 77694K, capacity 81012K, committed 81200K, reserved 1120256K
  class space    used 9846K, capacity 10518K, committed 10544K, reserved 1048576K
Event: 4172.562 GC heap after
Heap after GC invocations=48 (full 9):
 PSYoungGen      total 305152K, used 9144K [0x00000000e0000000, 0x0000000100000000, 0x0000000100000000)
  eden space 187392K, 0% used [0x00000000e0000000,0x00000000e0000000,0x00000000eb700000)
  from space 117760K, 7% used [0x00000000f8d00000,0x00000000f95ee1b0,0x0000000100000000)
  to   space 168448K, 0% used [0x00000000eb700000,0x00000000eb700000,0x00000000f5b80000)
 ParOldGen       total 563200K, used 353088K [0x00000000a0000000, 0x00000000c2600000, 0x00000000e0000000)
  object space 563200K, 62% used [0x00000000a0000000,0x00000000b58d0250,0x00000000c2600000)
 Metaspace       used 77694K, capacity 81012K, committed 81200K, reserved 1120256K
  class space    used 9846K, capacity 10518K, committed 10544K, reserved 1048576K
}
Event: 4173.256 GC heap before
{Heap before GC invocations=49 (full 9):
 PSYoungGen      total 305152K, used 196536K [0x00000000e0000000, 0x0000000100000000, 0x0000000100000000)
  eden space 187392K, 100% used [0x00000000e0000000,0x00000000eb700000,0x00000000eb700000)
  from space 117760K, 7% used [0x00000000f8d00000,0x00000000f95ee1b0,0x0000000100000000)
  to   space 168448K, 0% used [0x00000000eb700000,0x00000000eb700000,0x00000000f5b80000)
 ParOldGen       total 563200K, used 353088K [0x00000000a0000000, 0x00000000c2600000, 0x00000000e0000000)
  object space 563200K, 62% used [0x00000000a0000000,0x00000000b58d0250,0x00000000c2600000)
 Metaspace       used 77696K, capacity 81012K, committed 81200K, reserved 1120256K
  class space    used 9846K, capacity 10518K, committed 10544K, reserved 1048576K

Deoptimization events (10 events):
Event: 4169.590 Thread 0x000000001fb56800 Uncommon trap: reason=unstable_if action=reinterpret pc=0x000000000598d9b0 method=com.android.dx.dex.code.OutputFinisher.align64bits([Lcom/android/dx/dex/code/Dop;)V @ 237
Event: 4169.634 Thread 0x000000001fb5c800 Uncommon trap: reason=unstable_if action=reinterpret pc=0x0000000005a216a0 method=com.android.dx.rop.code.RegisterSpecSet.localItemToSpec(Lcom/android/dx/rop/code/LocalItem;)Lcom/android/dx/rop/code/RegisterSpec; @ 35
Event: 4170.042 Thread 0x000000001fb56000 Uncommon trap: reason=unstable_if action=reinterpret pc=0x00000000049b897c method=com.android.dx.dex.cf.AttributeTranslator.getAnnotations0(Lcom/android/dx/cf/iface/AttributeList;)Lcom/android/dx/rop/annotation/Annotations; @ 42
Event: 4172.752 Thread 0x000000001fb60800 Uncommon trap: reason=bimorphic action=maybe_recompile pc=0x0000000005e1943c method=com.android.dx.cf.code.BytecodeArray.parseInstruction(ILcom/android/dx/cf/code/BytecodeArray$Visitor;)I @ 1035
Event: 4172.753 Thread 0x000000001fb60800 Uncommon trap: reason=bimorphic action=maybe_recompile pc=0x0000000005e194bc method=com.android.dx.cf.code.BytecodeArray.parseInstruction(ILcom/android/dx/cf/code/BytecodeArray$Visitor;)I @ 1051
Event: 4172.753 Thread 0x000000001fb60800 Uncommon trap: reason=bimorphic action=maybe_recompile pc=0x0000000005e1943c method=com.android.dx.cf.code.BytecodeArray.parseInstruction(ILcom/android/dx/cf/code/BytecodeArray$Visitor;)I @ 1035
Event: 4172.799 Thread 0x000000001eec8000 Uncommon trap: reason=unstable_if action=reinterpret pc=0x0000000003350cac method=java.util.concurrent.ConcurrentHashMap.transfer([Ljava/util/concurrent/ConcurrentHashMap$Node;[Ljava/util/concurrent/ConcurrentHashMap$Node;)V @ 277
Event: 4172.839 Thread 0x000000001fb57800 Uncommon trap: reason=unstable_if action=reinterpret pc=0x0000000003d0c71c method=com.android.dx.ssa.back.FirstFitLocalCombiningAllocator.findNextUnreservedRopReg(IILcom/android/dx/ssa/back/FirstFitLocalCombiningAllocator$Alignment;)I @ 32
Event: 4172.863 Thread 0x000000001fb56000 Uncommon trap: reason=unstable_if action=reinterpret pc=0x0000000005b5cc24 method=java.util.concurrent.ConcurrentHashMap.get(Ljava/lang/Object;)Ljava/lang/Object; @ 86
Event: 4172.864 Thread 0x000000001fb56000 Uncommon trap: reason=unstable_if action=reinterpret pc=0x0000000005af9464 method=java.util.concurrent.ConcurrentHashMap.get(Ljava/lang/Object;)Ljava/lang/Object; @ 86

Internal exceptions (10 events):
Event: 3948.935 Thread 0x000000001c476800 Exception <a 'java/lang/ClassNotFoundException': com/android/build/gradle/tasks/fd/GenerateInstantRunAppInfoTask_DecoratedCustomizer> (0x00000000ecdd8358) thrown at [C:\src\android\AOSP-openjdk\external\jetbrains\jdk\hotspot\src\share\vm\classfile\systemDi¦˜¡Ð¯@
Event: 3978.407 Thread 0x000000001c476800 Exception <a 'java/lang/ClassNotFoundException': com/android/build/gradle/internal/LibraryCache$1BeanInfo> (0x00000000ee532978) thrown at [C:\src\android\AOSP-openjdk\external\jetbrains\jdk\hotspot\src\share\vm\classfile\systemDictionary.cpp, line 210]
Event: 3978.408 Thread 0x000000001c476800 Exception <a 'java/lang/ClassNotFoundException': com/android/build/gradle/internal/LibraryCache$1Customizer> (0x00000000ee543210) thrown at [C:\src\android\AOSP-openjdk\external\jetbrains\jdk\hotspot\src\share\vm\classfile\systemDictionary.cpp, line 210]
Event: 4032.406 Thread 0x000000001c476800 Implicit null exception at 0x0000000004a56443 to 0x0000000004a5696b
Event: 4036.470 Thread 0x000000001c476800 Implicit null exception at 0x0000000004dbb67a to 0x0000000004dbd371
Event: 4079.974 Thread 0x000000001c476800 Implicit null exception at 0x0000000004cbfa04 to 0x0000000004cbfea7
Event: 4120.061 Thread 0x000000001c476800 Exception <a 'java/lang/NoSuchMethodError': <clinit>> (0x00000000e4b974e8) thrown at [C:\src\android\AOSP-openjdk\external\jetbrains\jdk\hotspot\src\share\vm\prims\jni.cpp, line 1591]
Event: 4126.535 Thread 0x000000001c476800 Exception <a 'java/io/FileNotFoundException'> (0x00000000e80e6998) thrown at [C:\src\android\AOSP-openjdk\external\jetbrains\jdk\hotspot\src\share\vm\prims\jni.cpp, line 709]
Event: 4146.241 Thread 0x000000001fb53000 Implicit null exception at 0x000000000563e3bd to 0x000000000563ecd5
Event: 4151.596 Thread 0x000000001fb52000 Implicit null exception at 0x0000000005c5b744 to 0x0000000005c5bee1

Events (10 events):
Event: 4172.839 Thread 0x000000001fb57800 Uncommon trap: trap_request=0xffffff65 fr.pc=0x0000000003d0c71c
Event: 4172.839 Thread 0x000000001fb57800 DEOPT PACKING pc=0x0000000003d0c71c sp=0x000000002866ea00
Event: 4172.839 Thread 0x000000001fb57800 DEOPT UNPACKING pc=0x000000000286556a sp=0x000000002866e998 mode 2
Event: 4172.863 Thread 0x000000001fb56000 Uncommon trap: trap_request=0xffffff65 fr.pc=0x0000000005b5cc24
Event: 4172.863 Thread 0x000000001fb56000 DEOPT PACKING pc=0x0000000005b5cc24 sp=0x0000000027b7e7a0
Event: 4172.863 Thread 0x000000001fb56000 DEOPT UNPACKING pc=0x000000000286556a sp=0x0000000027b7e528 mode 2
Event: 4172.864 Thread 0x000000001fb56000 Uncommon trap: trap_request=0xffffff65 fr.pc=0x0000000005af9464
Event: 4172.864 Thread 0x000000001fb56000 DEOPT PACKING pc=0x0000000005af9464 sp=0x0000000027b7e490
Event: 4172.864 Thread 0x000000001fb56000 DEOPT UNPACKING pc=0x000000000286556a sp=0x0000000027b7e298 mode 2
Event: 4173.227 Executing VM operation: ParallelGCFailedAllocation


Dynamic libraries:
0x00007ff79a960000 - 0x00007ff79a991000 	C:\Program Files\Android\Android Studio\jre\bin\java.exe
0x00007ffe49c00000 - 0x00007ffe49dc2000 	C:\WINDOWS\SYSTEM32\ntdll.dll
0x00007ffe496b0000 - 0x00007ffe4975d000 	C:\WINDOWS\system32\KERNEL32.DLL
0x00007ffe46fe0000 - 0x00007ffe471bd000 	C:\WINDOWS\system32\KERNELBASE.dll
0x00007ffe49140000 - 0x00007ffe491e6000 	C:\WINDOWS\system32\ADVAPI32.dll
0x00007ffe475b0000 - 0x00007ffe4764d000 	C:\WINDOWS\system32\msvcrt.dll
0x00007ffe49ba0000 - 0x00007ffe49bfb000 	C:\WINDOWS\system32\sechost.dll
0x00007ffe49840000 - 0x00007ffe49966000 	C:\WINDOWS\system32\RPCRT4.dll
0x00007ffe47810000 - 0x00007ffe4795e000 	C:\WINDOWS\system32\USER32.dll
0x00007ffe47680000 - 0x00007ffe47804000 	C:\WINDOWS\system32\GDI32.dll
0x00007ffe3a3a0000 - 0x00007ffe3a614000 	C:\WINDOWS\WinSxS\amd64_microsoft.windows.common-controls_6595b64144ccf1df_6.0.10240.17184_none_f41d7a705752bce6\COMCTL32.dll
0x00007ffe49050000 - 0x00007ffe49086000 	C:\WINDOWS\system32\IMM32.DLL
0x00007ffe47960000 - 0x00007ffe47abc000 	C:\WINDOWS\system32\MSCTF.dll
0x0000000054be0000 - 0x0000000054cb2000 	C:\Program Files\Android\Android Studio\jre\jre\bin\msvcr100.dll
0x0000000054da0000 - 0x00000000555d4000 	C:\Program Files\Android\Android Studio\jre\jre\bin\server\jvm.dll
0x00007ffe47650000 - 0x00007ffe47658000 	C:\WINDOWS\system32\PSAPI.DLL
0x00007ffe3b650000 - 0x00007ffe3b659000 	C:\WINDOWS\SYSTEM32\WSOCK32.dll
0x00007ffe44a80000 - 0x00007ffe44aa3000 	C:\WINDOWS\SYSTEM32\WINMM.dll
0x00007ffe472c0000 - 0x00007ffe47329000 	C:\WINDOWS\system32\WS2_32.dll
0x00007ffe47660000 - 0x00007ffe47668000 	C:\WINDOWS\system32\NSI.dll
0x00007ffe45800000 - 0x00007ffe4580a000 	C:\WINDOWS\SYSTEM32\VERSION.dll
0x00007ffe44a20000 - 0x00007ffe44a4c000 	C:\WINDOWS\SYSTEM32\WINMMBASE.dll
0x00007ffe47270000 - 0x00007ffe472b4000 	C:\WINDOWS\system32\cfgmgr32.dll
0x00007ffe44d20000 - 0x00007ffe44d47000 	C:\WINDOWS\SYSTEM32\DEVOBJ.dll
0x00007ffe3b000000 - 0x00007ffe3b00f000 	C:\Program Files\Android\Android Studio\jre\jre\bin\verify.dll
0x00007ffe382c0000 - 0x00007ffe382e9000 	C:\Program Files\Android\Android Studio\jre\jre\bin\java.dll
0x00007ffe375a0000 - 0x00007ffe375b6000 	C:\Program Files\Android\Android Studio\jre\jre\bin\zip.dll
0x00007ffe47ac0000 - 0x00007ffe48fe3000 	C:\WINDOWS\system32\SHELL32.dll
0x00007ffe466c0000 - 0x00007ffe46ce9000 	C:\WINDOWS\system32\windows.storage.dll
0x00007ffe492e0000 - 0x00007ffe4955c000 	C:\WINDOWS\system32\combase.dll
0x00007ffe49970000 - 0x00007ffe499c1000 	C:\WINDOWS\system32\shlwapi.dll
0x00007ffe466b0000 - 0x00007ffe466bf000 	C:\WINDOWS\system32\kernel.appcore.dll
0x00007ffe46f20000 - 0x00007ffe46fd3000 	C:\WINDOWS\system32\shcore.dll
0x00007ffe46640000 - 0x00007ffe4668a000 	C:\WINDOWS\system32\powrprof.dll
0x00007ffe46690000 - 0x00007ffe466a3000 	C:\WINDOWS\system32\profapi.dll
0x00007ffe37580000 - 0x00007ffe3759a000 	C:\Program Files\Android\Android Studio\jre\jre\bin\net.dll
0x00007ffe45e30000 - 0x00007ffe45e8d000 	C:\WINDOWS\system32\mswsock.dll
0x00007ffe36f00000 - 0x00007ffe36f11000 	C:\Program Files\Android\Android Studio\jre\jre\bin\nio.dll
0x00007ffe34270000 - 0x00007ffe34282000 	C:\Users\Scott\.gradle\native\19\windows-amd64\native-platform.dll
0x00007ffe45e90000 - 0x00007ffe45ea7000 	C:\WINDOWS\SYSTEM32\CRYPTSP.dll
0x00007ffe46550000 - 0x00007ffe46578000 	C:\WINDOWS\SYSTEM32\bcrypt.dll
0x00007ffe45ae0000 - 0x00007ffe45b13000 	C:\WINDOWS\system32\rsaenh.dll
0x00007ffe45bd0000 - 0x00007ffe45bef000 	C:\WINDOWS\SYSTEM32\USERENV.dll
0x00007ffe46440000 - 0x00007ffe464ab000 	C:\WINDOWS\system32\bcryptprimitives.dll
0x00007ffe460e0000 - 0x00007ffe460eb000 	C:\WINDOWS\SYSTEM32\CRYPTBASE.dll
0x00007ffe439a0000 - 0x00007ffe439d8000 	C:\WINDOWS\SYSTEM32\IPHLPAPI.DLL
0x00007ffe43870000 - 0x00007ffe4387b000 	C:\WINDOWS\SYSTEM32\WINNSI.DLL
0x00007ffe3f240000 - 0x00007ffe3f256000 	C:\WINDOWS\SYSTEM32\dhcpcsvc6.DLL
0x00007ffe3f1b0000 - 0x00007ffe3f1ca000 	C:\WINDOWS\SYSTEM32\dhcpcsvc.DLL
0x00007ffe39fc0000 - 0x00007ffe39fcd000 	C:\Program Files\Android\Android Studio\jre\jre\bin\management.dll
0x00007ffe34360000 - 0x00007ffe34384000 	C:\Program Files\Android\Android Studio\jre\jre\bin\sunec.dll
0x00007ffe45bf0000 - 0x00007ffe45c98000 	C:\WINDOWS\SYSTEM32\DNSAPI.dll
0x00007ffe3cf30000 - 0x00007ffe3cf3a000 	C:\Windows\System32\rasadhlp.dll
0x00007ffe3f1d0000 - 0x00007ffe3f238000 	C:\WINDOWS\System32\fwpuclnt.dll
0x00007ffe3c4f0000 - 0x00007ffe3c67a000 	C:\WINDOWS\SYSTEM32\dbghelp.dll

VM Arguments:
jvm_args: -Xmx1536m -Dfile.encoding=windows-1252 -Duser.country=ES -Duser.language=es -Duser.variant 
java_command: org.gradle.launcher.daemon.bootstrap.GradleDaemon 2.14.1
java_class_path (initial): C:\Program Files\Android\Android Studio\gradle\gradle-2.14.1\lib\gradle-launcher-2.14.1.jar
Launcher Type: SUN_STANDARD

Environment Variables:
PATH=C:\Program Files\Haskell\bin;C:\Program Files\Haskell Platform\7.10.3\lib\extralibs\bin;C:\Program Files\Haskell Platform\7.10.3\bin;C:\ProgramData\Oracle\Java\javapath;C:\Program Files (x86)\Intel\iCLS Client\;C:\Program Files\Intel\iCLS Client\;C:\Windows\system32;C:\Windows;C:\Windows\System32\Wbem;C:\Windows\System32\WindowsPowerShell\v1.0\;C:\Program Files (x86)\Acer\abFiles\;C:\Program Files\Intel\Intel(R) Management Engine Components\DAL;C:\Program Files (x86)\Intel\Intel(R) Management Engine Components\DAL;C:\Program Files\Intel\Intel(R) Management Engine Components\IPT;C:\Program Files (x86)\Intel\Intel(R) Management Engine Components\IPT;C:\Program Files (x86)\NVIDIA Corporation\PhysX\Common;C:\WINDOWS\system32;C:\WINDOWS;C:\WINDOWS\System32\Wbem;C:\WINDOWS\System32\WindowsPowerShell\v1.0\;C:\Program Files\Microsoft SQL Server\110\Tools\Binn\;C:\Program Files (x86)\Microsoft SDKs\TypeScript\1.0\;C:\Program Files\Microsoft SQL Server\120\Tools\Binn\;C:\Program Files\Haskell Platform\7.10.3\mingw\bin;C:\Users\Scott\.dnx\bin;C:\Program Files\Microsoft DNX\Dnvm\;C:\Program Files\Microsoft SQL Server\130\Tools\Binn\;C:\Program Files (x86)\PuTTY\;C:\Program Files (x86)\Skype\Phone\;C:\Users\Scott\AppData\Roaming\cabal\bin;C:\Users\Scott\AppData\Local\Poker at bet365\data\QT;C:\Users\Scott\AppData\Local\Poker at bet365\data\OpenSSL
USERNAME=Scott
OS=Windows_NT
PROCESSOR_IDENTIFIER=Intel64 Family 6 Model 61 Stepping 4, GenuineIntel



---------------  S Y S T E M  ---------------

OS: Windows 10.0 , 64 bit Build 10240 (10.0.10240.17113)

CPU:total 4 (2 cores per cpu, 2 threads per core) family 6 model 61 stepping 4, cmov, cx8, fxsr, mmx, sse, sse2, sse3, ssse3, sse4.1, sse4.2, popcnt, avx, avx2, aes, clmul, erms, 3dnowpref, lzcnt, ht, tsc, tscinvbit, bmi1, bmi2, adx

Memory: 4k page, physical 8300876k(387588k free), swap 11839820k(1376824k free)

vm_info: OpenJDK 64-Bit Server VM (25.76-b03) for windows-amd64 JRE (1.8.0_76-release-b03), built on Jun 29 2016 19:09:20 by "ralucas" with MS VC++ 10.0 (VS2010)

time: Sat Mar 18 23:17:59 2017
elapsed time: 4174 seconds (0d 1h 9m 34s)

